INFO  | 2021-06-09 10:44:28 | [main] application.Main (Main.java:28) - BankApp has Started!
INFO  | 2021-06-09 11:00:00 | [main] application.Main (Main.java:28) - BankApp has Started!
INFO  | 2021-06-09 13:40:09 | [main] application.Main (Main.java:28) - BankApp has Started!
INFO  | 2021-06-09 13:45:53 | [main] application.Main (Main.java:28) - BankApp has Started!
INFO  | 2021-06-09 13:49:26 | [main] application.Main (Main.java:28) - BankApp has Started!
INFO  | 2021-06-09 13:55:08 | [main] application.Main (Main.java:28) - BankApp has Started!
INFO  | 2021-06-09 13:58:18 | [main] application.Main (Main.java:28) - BankApp has Started!
INFO  | 2021-06-09 14:02:38 | [main] application.Main (Main.java:28) - BankApp has Started!
INFO  | 2021-06-09 14:03:42 | [main] application.Main (Main.java:28) - BankApp has Started!
INFO  | 2021-06-09 14:05:03 | [main] application.Main (Main.java:28) - BankApp has Started!
INFO  | 2021-06-09 14:09:00 | [main] application.Main (Main.java:28) - BankApp has Started!
INFO  | 2021-06-09 14:11:12 | [main] application.Main (Main.java:28) - BankApp has Started!
INFO  | 2021-06-09 14:15:29 | [main] application.Main (Main.java:28) - BankApp has Started!
INFO  | 2021-06-09 14:15:46 | [main] application.Main (Main.java:28) - BankApp has Started!
INFO  | 2021-06-09 14:19:44 | [main] application.Main (Main.java:28) - BankApp has Started!
INFO  | 2021-06-09 14:20:41 | [main] application.Main (Main.java:28) - BankApp has Started!
INFO  | 2021-06-09 14:23:35 | [main] application.Main (Main.java:28) - BankApp has Started!
INFO  | 2021-06-09 14:24:51 | [main] application.Main (Main.java:28) - BankApp has Started!
INFO  | 2021-06-09 14:30:48 | [main] application.Main (Main.java:28) - BankApp has Started!
INFO  | 2021-06-09 14:48:56 | [main] application.Main (Main.java:28) - BankApp has Started!
INFO  | 2021-06-09 14:51:13 | [main] application.Main (Main.java:28) - BankApp has Started!
INFO  | 2021-06-09 18:52:30 | [main] application.Main (Main.java:28) - BankApp has Started!
INFO  | 2021-06-09 18:52:52 | [main] application.Main (Main.java:28) - BankApp has Started!
INFO  | 2021-06-09 18:56:14 | [main] application.Main (Main.java:28) - BankApp has Started!
INFO  | 2021-06-09 20:51:22 | [main] application.Main (Main.java:25) - BankApp has Started!
INFO  | 2021-06-09 20:51:39 | [main] services.CustomerServices (CustomerServices.java:101) - John Wick logged in!
INFO  | 2021-06-09 20:54:24 | [main] application.Main (Main.java:25) - BankApp has Started!
INFO  | 2021-06-09 21:15:32 | [main] application.Main (Main.java:25) - BankApp has Started!
INFO  | 2021-06-09 21:36:15 | [main] application.Main (Main.java:25) - BankApp has Started!
INFO  | 2021-06-09 21:43:31 | [main] application.Main (Main.java:25) - BankApp has Started!
INFO  | 2021-06-09 21:48:02 | [main] application.Main (Main.java:25) - BankApp has Started!
INFO  | 2021-06-09 21:57:35 | [main] application.Main (Main.java:25) - BankApp has Started!
INFO  | 2021-06-10 03:14:11 | [main] application.Main (Main.java:25) - BankApp has Started!
INFO  | 2021-06-10 03:20:29 | [main] application.Main (Main.java:25) - BankApp has Started!
INFO  | 2021-06-10 03:21:08 | [main] application.Main (Main.java:25) - BankApp has Started!
INFO  | 2021-06-10 03:23:21 | [main] application.Main (Main.java:25) - BankApp has Started!
INFO  | 2021-06-10 03:45:13 | [main] application.Main (Main.java:25) - BankApp has Started!
INFO  | 2021-06-10 03:47:17 | [main] services.CustomerServices (CustomerServices.java:111) - Zack Wick logged in!
INFO  | 2021-06-10 04:12:21 | [main] application.Main (Main.java:25) - BankApp has Started!
INFO  | 2021-06-10 04:16:53 | [main] application.Main (Main.java:25) - BankApp has Started!
INFO  | 2021-06-10 04:17:47 | [main] application.Main (Main.java:25) - BankApp has Started!
INFO  | 2021-06-10 04:18:12 | [main] application.Main (Main.java:25) - BankApp has Started!
INFO  | 2021-06-10 04:18:21 | [main] services.CustomerServices (CustomerServices.java:111) - Zack Wick logged in!
INFO  | 2021-06-10 05:51:36 | [main] application.Main (Main.java:25) - BankApp has Started!
INFO  | 2021-06-10 05:52:34 | [main] application.Main (Main.java:25) - BankApp has Started!
INFO  | 2021-06-10 06:02:24 | [main] application.Main (Main.java:25) - BankApp has Started!
INFO  | 2021-06-10 06:05:35 | [main] application.Main (Main.java:25) - BankApp has Started!
INFO  | 2021-06-10 06:07:22 | [main] application.Main (Main.java:25) - BankApp has Started!
INFO  | 2021-06-10 06:15:33 | [main] application.Main (Main.java:25) - BankApp has Started!
INFO  | 2021-06-10 06:17:21 | [main] services.CustomerServices (CustomerServices.java:111) - Zack Wick logged in!
INFO  | 2021-06-10 06:19:13 | [main] application.Main (Main.java:25) - BankApp has Started!
INFO  | 2021-06-10 07:30:17 | [main] application.Main (Main.java:25) - BankApp has Started!
INFO  | 2021-06-10 07:32:55 | [main] application.Main (Main.java:25) - BankApp has Started!
INFO  | 2021-06-10 07:33:02 | [main] application.Main (Main.java:25) - BankApp has Started!
INFO  | 2021-06-10 07:33:20 | [main] application.Main (Main.java:25) - BankApp has Started!
INFO  | 2021-06-10 07:33:36 | [main] application.Main (Main.java:25) - BankApp has Started!
INFO  | 2021-06-10 07:39:40 | [main] application.Main (Main.java:25) - BankApp has Started!
INFO  | 2021-06-10 07:41:14 | [main] application.Main (Main.java:25) - BankApp has Started!
INFO  | 2021-06-10 07:45:36 | [main] application.Main (Main.java:25) - BankApp has Started!
INFO  | 2021-06-10 07:45:52 | [main] services.CustomerServices (CustomerServices.java:112) - Zack Wick logged in!
INFO  | 2021-06-10 09:00:42 | [main] application.Main (Main.java:25) - BankApp has Started!
INFO  | 2021-06-10 09:01:43 | [main] services.CustomerServices (CustomerServices.java:112) - Zack Wick logged in!
INFO  | 2021-06-10 09:06:51 | [main] application.Main (Main.java:25) - BankApp has Started!
INFO  | 2021-06-10 09:19:24 | [main] application.Main (Main.java:25) - BankApp has Started!
INFO  | 2021-06-10 09:24:32 | [main] application.Main (Main.java:25) - BankApp has Started!
INFO  | 2021-06-10 09:32:25 | [main] application.Main (Main.java:25) - BankApp has Started!
INFO  | 2021-06-10 09:32:41 | [main] application.Main (Main.java:25) - BankApp has Started!
INFO  | 2021-06-10 09:39:23 | [main] application.Main (Main.java:25) - BankApp has Started!
INFO  | 2021-06-10 10:09:34 | [main] application.Main (Main.java:25) - BankApp has Started!
INFO  | 2021-06-10 10:11:41 | [main] services.CustomerServices (CustomerServices.java:112) - Zack Wick logged in!
INFO  | 2021-06-11 13:12:04 | [main] application.Main (Main.java:25) - BankApp has Started!
INFO  | 2021-06-11 13:22:53 | [main] application.Main (Main.java:25) - BankApp has Started!
INFO  | 2021-06-11 13:26:53 | [main] application.Main (Main.java:25) - BankApp has Started!
INFO  | 2021-06-11 13:27:44 | [main] application.Main (Main.java:25) - BankApp has Started!
INFO  | 2021-06-11 15:29:10 | [main] application.Main (Main.java:25) - BankApp has Started!
INFO  | 2021-06-11 15:29:30 | [main] application.Main (Main.java:25) - BankApp has Started!
INFO  | 2021-06-11 15:29:59 | [main] services.CustomerServices (CustomerServices.java:112) - 1 1 logged in!
INFO  | 2021-06-11 16:58:07 | [main] application.Main (Main.java:25) - BankApp has Started!
INFO  | 2021-06-11 16:58:14 | [main] services.CustomerServices (CustomerServices.java:112) - 1 1 logged in!
INFO  | 2021-06-11 17:00:03 | [main] services.CustomerServices (CustomerServices.java:112) - Zack Wick logged in!
INFO  | 2021-06-11 17:02:27 | [main] application.Main (Main.java:25) - BankApp has Started!
INFO  | 2021-06-11 17:04:24 | [main] services.CustomerServices (CustomerServices.java:112) - Zack Wick logged in!
INFO  | 2021-06-11 17:10:23 | [main] application.Main (Main.java:25) - BankApp has Started!
INFO  | 2021-06-11 17:10:53 | [main] services.CustomerServices (CustomerServices.java:112) - Sarah Wick logged in!
INFO  | 2021-06-11 17:12:37 | [main] application.Main (Main.java:25) - BankApp has Started!
INFO  | 2021-06-11 17:12:55 | [main] services.CustomerServices (CustomerServices.java:112) - Sarah Wick logged in!
INFO  | 2021-06-11 17:14:18 | [main] application.Main (Main.java:25) - BankApp has Started!
INFO  | 2021-06-11 17:14:36 | [main] services.CustomerServices (CustomerServices.java:112) - Sarah Wick logged in!
INFO  | 2021-06-11 17:16:54 | [main] application.Main (Main.java:25) - BankApp has Started!
INFO  | 2021-06-11 17:17:10 | [main] services.CustomerServices (CustomerServices.java:112) - Sarah Wick logged in!
INFO  | 2021-06-11 17:17:21 | [main] services.CustomerServices (CustomerServices.java:62) - Banking Account with Id: 4 just got withdrawn: 164.0$!
INFO  | 2021-06-11 17:19:34 | [main] application.Main (Main.java:25) - BankApp has Started!
INFO  | 2021-06-11 17:19:44 | [main] services.CustomerServices (CustomerServices.java:112) - Sarah Wick logged in!
INFO  | 2021-06-11 17:19:55 | [main] services.CustomerServices (CustomerServices.java:54) - Banking Account with Id: 4 just got deposit: 0.0$!
INFO  | 2021-06-11 17:21:23 | [main] application.Main (Main.java:25) - BankApp has Started!
INFO  | 2021-06-11 17:21:34 | [main] services.CustomerServices (CustomerServices.java:112) - Sarah Wick logged in!
INFO  | 2021-06-11 17:21:41 | [main] services.CustomerServices (CustomerServices.java:54) - Banking Account with Id: 4 just got deposit: 400.0$!
INFO  | 2021-06-11 17:26:48 | [main] services.CustomerServices (CustomerServices.java:62) - Banking Account with Id: 5 just got withdrawn: 100.0$!
INFO  | 2021-06-11 17:27:32 | [main] services.CustomerServices (CustomerServices.java:62) - Banking Account with Id: 7 just got withdrawn: 1000.0$!
INFO  | 2021-06-11 17:27:49 | [main] services.CustomerServices (CustomerServices.java:62) - Banking Account with Id: 5 just got withdrawn: 104.0$!
INFO  | 2021-06-11 17:32:07 | [main] application.Main (Main.java:25) - BankApp has Started!
INFO  | 2021-06-11 17:32:19 | [main] services.CustomerServices (CustomerServices.java:112) - Sarah Wick logged in!
INFO  | 2021-06-11 17:33:41 | [main] application.Main (Main.java:25) - BankApp has Started!
INFO  | 2021-06-11 17:33:48 | [main] services.CustomerServices (CustomerServices.java:112) - Sarah Wick logged in!
INFO  | 2021-06-11 17:34:04 | [main] services.CustomerServices (CustomerServices.java:62) - Banking Account with Id: 7 just got withdrawn: 1000.0$!
INFO  | 2021-06-11 17:36:33 | [main] application.Main (Main.java:25) - BankApp has Started!
INFO  | 2021-06-11 17:37:25 | [main] application.Main (Main.java:25) - BankApp has Started!
INFO  | 2021-06-11 17:37:37 | [main] services.CustomerServices (CustomerServices.java:112) - Sarah Wick logged in!
INFO  | 2021-06-11 17:38:09 | [main] services.CustomerServices (CustomerServices.java:62) - Banking Account with Id: 7 just got withdrawn: 1000.0$!
INFO  | 2021-06-11 17:38:38 | [main] application.Main (Main.java:25) - BankApp has Started!
INFO  | 2021-06-11 17:38:54 | [main] services.CustomerServices (CustomerServices.java:112) - Sarah Wick logged in!
INFO  | 2021-06-11 17:39:52 | [main] services.CustomerServices (CustomerServices.java:62) - Banking Account with Id: 7 just got withdrawn: 1000.0$!
INFO  | 2021-06-11 17:44:17 | [main] application.Main (Main.java:25) - BankApp has Started!
INFO  | 2021-06-11 17:44:28 | [main] services.CustomerServices (CustomerServices.java:112) - Sarah Wick logged in!
INFO  | 2021-06-11 17:45:06 | [main] application.Main (Main.java:25) - BankApp has Started!
INFO  | 2021-06-11 17:45:28 | [main] application.Main (Main.java:25) - BankApp has Started!
INFO  | 2021-06-11 17:45:37 | [main] services.CustomerServices (CustomerServices.java:112) - Sarah Wick logged in!
INFO  | 2021-06-11 17:45:45 | [main] services.CustomerServices (CustomerServices.java:62) - Banking Account with Id: 7 just got withdrawn: 1000.0$!
INFO  | 2021-06-11 17:48:56 | [main] application.Main (Main.java:25) - BankApp has Started!
INFO  | 2021-06-11 17:49:04 | [main] services.CustomerServices (CustomerServices.java:112) - Sarah Wick logged in!
INFO  | 2021-06-11 17:49:16 | [main] services.CustomerServices (CustomerServices.java:62) - Banking Account with Id: 7 just got withdrawn: 100.0$!
INFO  | 2021-06-11 17:50:48 | [main] application.Main (Main.java:25) - BankApp has Started!
INFO  | 2021-06-11 17:50:58 | [main] services.CustomerServices (CustomerServices.java:112) - Sarah Wick logged in!
INFO  | 2021-06-11 17:51:04 | [main] services.CustomerServices (CustomerServices.java:62) - Banking Account with Id: 7 just got withdrawn: 1000.0$!
INFO  | 2021-06-11 17:51:06 | [main] services.CustomerServices (CustomerServices.java:54) - Banking Account with Id: 5 just got deposit: 1000.0$!
INFO  | 2021-06-11 18:19:36 | [main] application.Main (Main.java:25) - BankApp has Started!
INFO  | 2021-06-11 18:20:00 | [main] services.CustomerServices (CustomerServices.java:112) - Sarah Wick logged in!
INFO  | 2021-06-11 18:23:30 | [main] application.Main (Main.java:25) - BankApp has Started!
INFO  | 2021-06-11 18:23:42 | [main] services.CustomerServices (CustomerServices.java:112) - Sarah Wick logged in!
INFO  | 2021-06-11 18:23:52 | [main] services.CustomerServices (CustomerServices.java:54) - Banking Account with Id: 4 just got deposit: 1000.0$!
INFO  | 2021-06-11 18:24:49 | [main] application.Main (Main.java:25) - BankApp has Started!
INFO  | 2021-06-11 18:24:57 | [main] services.CustomerServices (CustomerServices.java:112) - Sarah Wick logged in!
INFO  | 2021-06-11 18:25:03 | [main] services.CustomerServices (CustomerServices.java:54) - Banking Account with Id: 4 just got deposit: 1000.0$!
INFO  | 2021-06-11 18:25:51 | [main] services.CustomerServices (CustomerServices.java:62) - Banking Account with Id: 6 just got withdrawn: 500.0$!
INFO  | 2021-06-11 18:28:20 | [main] application.Main (Main.java:25) - BankApp has Started!
INFO  | 2021-06-11 18:28:35 | [main] services.CustomerServices (CustomerServices.java:112) - Sarah Wick logged in!
INFO  | 2021-06-11 18:28:49 | [main] services.CustomerServices (CustomerServices.java:62) - Banking Account with Id: 7 just got withdrawn: 1000.0$!
INFO  | 2021-06-11 18:28:49 | [main] services.CustomerServices (CustomerServices.java:54) - Banking Account with Id: 5 just got deposit: 1000.0$!
INFO  | 2021-06-11 18:35:18 | [main] application.Main (Main.java:25) - BankApp has Started!
INFO  | 2021-06-11 18:40:08 | [main] application.Main (Main.java:25) - BankApp has Started!
INFO  | 2021-06-11 18:41:45 | [main] application.Main (Main.java:25) - BankApp has Started!
INFO  | 2021-06-11 18:49:28 | [main] application.Main (Main.java:25) - BankApp has Started!
INFO  | 2021-06-11 18:49:37 | [main] services.CustomerServices (CustomerServices.java:112) - 1 1 logged in!
INFO  | 2021-06-11 19:37:21 | [main] application.Main (Main.java:25) - BankApp has Started!
INFO  | 2021-06-11 19:37:31 | [main] services.CustomerServices (CustomerServices.java:101) - 1 1 logged in!
INFO  | 2021-06-11 19:38:07 | [main] services.CustomerServices (CustomerServices.java:101) - 1 1 logged in!
INFO  | 2021-06-11 19:39:44 | [main] services.CustomerServices (CustomerServices.java:101) - 1 1 logged in!
INFO  | 2021-06-11 19:40:43 | [main] services.CustomerServices (CustomerServices.java:101) - 1 1 logged in!
INFO  | 2021-06-11 19:41:18 | [main] services.CustomerServices (CustomerServices.java:51) - Banking Account with Id: 8 just got withdrawn: 50.0$!
INFO  | 2021-06-11 19:47:49 | [main] application.Main (Main.java:25) - BankApp has Started!
INFO  | 2021-06-11 19:47:56 | [main] services.CustomerServices (CustomerServices.java:101) - 1 1 logged in!
INFO  | 2021-06-11 19:50:12 | [main] application.Main (Main.java:25) - BankApp has Started!
INFO  | 2021-06-11 19:50:24 | [main] services.CustomerServices (CustomerServices.java:101) - 1 1 logged in!
INFO  | 2021-06-14 09:01:09 | [main] application.Main (Main.java:25) - BankApp has Started!
INFO  | 2021-06-14 09:01:14 | [main] services.CustomerServices (CustomerServices.java:101) - 1 1 logged in!
INFO  | 2021-06-14 09:21:37 | [main] application.Main (Main.java:25) - BankApp has Started!
INFO  | 2021-06-14 09:21:58 | [main] services.CustomerServices (CustomerServices.java:101) - Dan Felleman logged in!
INFO  | 2021-06-14 13:15:15 | [main] application.Main (Main.java:25) - BankApp has Started!
INFO  | 2021-06-14 13:15:37 | [main] application.Main (Main.java:25) - BankApp has Started!
INFO  | 2021-06-14 13:15:54 | [main] services.CustomerServices (CustomerServices.java:101) - Dan Felleman logged in!
INFO  | 2021-06-14 13:18:40 | [main] application.Main (Main.java:25) - BankApp has Started!
INFO  | 2021-06-14 13:21:03 | [main] application.Main (Main.java:25) - BankApp has Started!
INFO  | 2021-06-14 13:21:41 | [main] application.Main (Main.java:25) - BankApp has Started!
INFO  | 2021-06-14 13:21:56 | [main] application.Main (Main.java:25) - BankApp has Started!
INFO  | 2021-06-14 13:23:51 | [main] services.CustomerServices (CustomerServices.java:101) - Emmett Riddle logged in!
INFO  | 2021-06-14 13:24:19 | [main] services.CustomerServices (CustomerServices.java:43) - Banking Account with Id: 10 just got deposit: 200.0$!
INFO  | 2021-06-14 13:24:44 | [main] application.Main (Main.java:25) - BankApp has Started!
INFO  | 2021-06-14 13:24:56 | [main] services.CustomerServices (CustomerServices.java:101) - Sarah Wick logged in!
INFO  | 2021-06-14 13:26:30 | [main] application.Main (Main.java:25) - BankApp has Started!
INFO  | 2021-06-14 13:27:17 | [main] services.CustomerServices (CustomerServices.java:101) - Emmett Riddle logged in!
INFO  | 2021-06-14 13:27:45 | [main] services.CustomerServices (CustomerServices.java:43) - Banking Account with Id: 6 just got deposit: 6.0$!
INFO  | 2021-06-14 13:32:45 | [main] application.Main (Main.java:25) - BankApp has Started!
INFO  | 2021-06-14 13:33:12 | [main] application.Main (Main.java:25) - BankApp has Started!
INFO  | 2021-06-14 13:33:56 | [main] services.CustomerServices (CustomerServices.java:101) - Emmett Riddle logged in!
INFO  | 2021-06-14 13:36:11 | [main] services.CustomerServices (CustomerServices.java:101) - Emmett Riddle logged in!
INFO  | 2021-06-14 13:43:56 | [main] application.Main (Main.java:25) - BankApp has Started!
INFO  | 2021-06-14 13:44:19 | [main] application.Main (Main.java:25) - BankApp has Started!
INFO  | 2021-06-14 13:45:01 | [main] services.CustomerServices (CustomerServices.java:101) - emmett riddle logged in!
INFO  | 2021-06-14 13:48:09 | [main] services.CustomerServices (CustomerServices.java:101) - emmett riddle logged in!
INFO  | 2021-06-14 13:57:41 | [main] application.Main (Main.java:25) - BankApp has Started!
INFO  | 2021-06-14 13:58:36 | [main] application.Main (Main.java:25) - BankApp has Started!
INFO  | 2021-06-14 13:59:05 | [main] application.Main (Main.java:25) - BankApp has Started!
INFO  | 2021-06-14 14:06:24 | [main] services.CustomerServices (CustomerServices.java:101) - emmett riddle logged in!
INFO  | 2021-06-14 16:36:48 | [main] application.Main (Main.java:25) - BankApp has Started!
INFO  | 2021-06-14 16:42:46 | [main] services.CustomerServices (CustomerServices.java:101) - John Williams logged in!
INFO  | 2021-06-14 16:44:50 | [main] services.CustomerServices (CustomerServices.java:101) - John Williams logged in!
INFO  | 2021-06-14 16:45:15 | [main] services.CustomerServices (CustomerServices.java:43) - Banking Account with Id: 15 just got deposit: 200.0$!
INFO  | 2021-06-14 16:45:45 | [main] services.CustomerServices (CustomerServices.java:101) - Sarah Wick logged in!
INFO  | 2021-06-14 16:46:23 | [main] services.CustomerServices (CustomerServices.java:51) - Banking Account with Id: 6 just got withdrawn: 200.0$!
INFO  | 2021-06-14 16:46:23 | [main] services.CustomerServices (CustomerServices.java:43) - Banking Account with Id: 4 just got deposit: 200.0$!
INFO  | 2021-06-14 16:47:58 | [main] application.Main (Main.java:25) - BankApp has Started!
INFO  | 2021-06-14 16:48:07 | [main] services.CustomerServices (CustomerServices.java:101) - Sarah Wick logged in!
